<?xml version="1.0" encoding="UTF-8"?>
<!-- Generated by org.testng.reporters.JUnitReportReporter -->
<testsuite hostname="LAPTOP-1826LOER" failures="0" tests="2" name="com.acti.testacase.TaskPageTests" time="36.710" errors="0" timestamp="02 Dec 2022 02:36:37 GMT" skipped="0">
  <testcase classname="com.acti.testacase.TaskPageTests" name="testCreateCustomer" time="15.504"/>
  <testcase classname="com.acti.testacase.TaskPageTests" name="testDeleteCustomer" time="21.206"/>
</testsuite> <!-- com.acti.testacase.TaskPageTests -->
