<?xml version="1.0" encoding="UTF-8"?>
<!-- Generated by org.testng.reporters.JUnitReportReporter -->
<testsuite hostname="LAPTOP-1826LOER" failures="0" tests="4" name="com.acti.testacase.LoginPageTests" time="34.897" errors="0" timestamp="01 Dec 2022 02:49:57 GMT" skipped="0">
  <testcase classname="com.acti.testacase.LoginPageTests" name="testLoginFunction" time="15.386"/>
  <testcase classname="com.acti.testacase.LoginPageTests" name="testLoginPageTitle" time="6.377"/>
  <testcase classname="com.acti.testacase.LoginPageTests" name="testActiImageIsDisplayed" time="6.512"/>
  <testcase classname="com.acti.testacase.LoginPageTests" name="testForgotPasswordIsDisplayed" time="6.622"/>
</testsuite> <!-- com.acti.testacase.LoginPageTests -->
