<?xml version="1.0" encoding="UTF-8"?>
<!-- Generated by org.testng.reporters.JUnitReportReporter -->
<testsuite hostname="LAPTOP-1826LOER" failures="0" tests="2" name="com.acti.testacase.TaskPageTests" time="38.873" errors="0" timestamp="01 Dec 2022 02:49:57 GMT" skipped="0">
  <testcase classname="com.acti.testacase.TaskPageTests" name="testCreateCustomer" time="16.638"/>
  <testcase classname="com.acti.testacase.TaskPageTests" name="testDeleteCustomer" time="22.235"/>
</testsuite> <!-- com.acti.testacase.TaskPageTests -->
