<?xml version="1.0" encoding="UTF-8"?>
<!-- Generated by org.testng.reporters.JUnitReportReporter -->
<testsuite hostname="LAPTOP-1826LOER" failures="0" tests="1" name="com.acti.base.DriverScript" time="7.210" errors="0" timestamp="24 Nov 2022 02:27:35 GMT" skipped="0">
  <testcase classname="com.acti.base.DriverScript" name="initApplication" time="7.210"/>
</testsuite> <!-- com.acti.base.DriverScript -->
