<?xml version="1.0" encoding="UTF-8"?>
<!-- Generated by org.testng.reporters.JUnitReportReporter -->
<testsuite hostname="LAPTOP-1826LOER" failures="0" tests="4" name="com.acti.testacase.LoginPageTests" time="32.235" errors="0" timestamp="24 Nov 2022 03:00:12 GMT" skipped="0">
  <testcase classname="com.acti.testacase.LoginPageTests" name="testLoginPageTitle" time="6.842"/>
  <testcase classname="com.acti.testacase.LoginPageTests" name="testActiImageIsDisplayed" time="6.520"/>
  <testcase classname="com.acti.testacase.LoginPageTests" name="testForgotPasswordIsDisplayed" time="6.098"/>
  <testcase classname="com.acti.testacase.LoginPageTests" name="testLoginFunction" time="12.775"/>
</testsuite> <!-- com.acti.testacase.LoginPageTests -->
